#
# A fatal error has been detected by the Java Runtime Environment:
#
#  EXCEPTION_STACK_OVERFLOW (0xc00000fd) at pc=0x0000000075d730e7, pid=29356, tid=10900
#
# JRE version: Java(TM) SE Runtime Environment (7.0_79-b15) (build 1.7.0_79-b15)
# Java VM: Java HotSpot(TM) 64-Bit Server VM (24.79-b02 mixed mode windows-amd64 compressed oops)
# Problematic frame:
# C  [msvcr100.dll+0x230e7]
#
# Failed to write core dump. Minidumps are not enabled by default on client versions of Windows
#
# If you would like to submit a bug report, please visit:
#   http://bugreport.java.com/bugreport/crash.jsp
#

---------------  T H R E A D  ---------------

Current thread (0x000000000c3e2800):  JavaThread "Monitor Ctrl-Break" daemon [_thread_new, id=10900, stack(0x000000000c7a0000,0x000000000c8a0000)]

siginfo: ExceptionCode=0xc00000fd, ExceptionInformation=0x0000000000000001 0x000000000c89d000 

Registers:
RAX=0x0000000000001b30, RBX=0x0000000000000058, RCX=0x0000000000000001, RDX=0x000000000c89f500
RSP=0x000000000c89f408, RBP=0x000000000c89d9f0, RSI=0x000000000000002b, RDI=0x0000000000000001
R8 =0x000000000000002b, R9 =0x0000000075d50000, R10=0x000000000c89d000, R11=0x000000000c89d000
R12=0x000000000c89f500, R13=0x0000000000000000, R14=0x0000000075e09b40, R15=0x0000000000000000
RIP=0x0000000075d730e7, EFLAGS=0x0000000000010287

Top of Stack: (sp=0x000000000c89f408)
0x000000000c89f408:   0000000000000000 0000000000000200
0x000000000c89f418:   0000000075dbcbc2 0000000000000000
0x000000000c89f428:   0000000075e09b40 0000000000000000
0x000000000c89f438:   000000000c89f500 0000000000000001
0x000000000c89f448:   000000000000002b 000000000000002b
0x000000000c89f458:   0000000075dbd395 0000000000000058
0x000000000c89f468:   000000000000002b 0000000000000001
0x000000000c89f478:   0000000000000058 0000000000000000
0x000000000c89f488:   0000000000000000 0000000000002a94
0x000000000c89f498:   00000000025f17e0 000000000c89f500
0x000000000c89f4a8:   000000007579fb67 0000000000000001
0x000000000c89f4b8:   000000000c89f500 000000000c89fd10
0x000000000c89f4c8:   0000000000000079 0000000000000000
0x000000000c89f4d8:   000000007579d5ff 00000000002ad000
0x000000000c89f4e8:   000000000c89fe50 00000000025f17e0
0x000000000c89f4f8:   000000000c89f52c 746f48206176614a 

Instructions: (pc=0x0000000075d730e7)
0x0000000075d730c7:   d0 4d 0f 42 d3 65 4c 8b 1c 25 10 00 00 00 4d 3b
0x0000000075d730d7:   d3 73 16 66 41 81 e2 00 f0 4d 8d 9b 00 f0 ff ff
0x0000000075d730e7:   41 c6 03 00 4d 3b d3 75 f0 4c 8b 14 24 4c 8b 5c
0x0000000075d730f7:   24 08 48 83 c4 10 c3 cc cc cc cc cc cc 48 89 5c 


Register to memory mapping:

RAX=0x0000000000001b30 is an unknown value
RBX=0x0000000000000058 is an unknown value
RCX=0x0000000000000001 is an unknown value
RDX=0x000000000c89f500 is pointing into the stack for thread: 0x000000000c3e2800
RSP=0x000000000c89f408 is pointing into the stack for thread: 0x000000000c3e2800
RBP=0x000000000c89d9f0 is pointing into the stack for thread: 0x000000000c3e2800
RSI=0x000000000000002b is an unknown value
RDI=0x0000000000000001 is an unknown value
R8 =0x000000000000002b is an unknown value
R9 =0x0000000075d50000 is an unknown value
R10=0x000000000c89d000 is pointing into the stack for thread: 0x000000000c3e2800
R11=0x000000000c89d000 is pointing into the stack for thread: 0x000000000c3e2800
R12=0x000000000c89f500 is pointing into the stack for thread: 0x000000000c3e2800
R13=0x0000000000000000 is an unknown value
R14=0x0000000075e09b40 is an unknown value
R15=0x0000000000000000 is an unknown value


Stack: [0x000000000c7a0000,0x000000000c8a0000],  sp=0x000000000c89f408,  free space=1021k
Native frames: (J=compiled Java code, j=interpreted, Vv=VM code, C=native code)
C  [msvcr100.dll+0x230e7]


---------------  P R O C E S S  ---------------

Java Threads: ( => current thread )
=>0x000000000c3e2800 JavaThread "Monitor Ctrl-Break" daemon [_thread_new, id=10900, stack(0x000000000c7a0000,0x000000000c8a0000)]
  0x000000000aa46000 JavaThread "Service Thread" daemon [_thread_blocked, id=30528, stack(0x000000000c1a0000,0x000000000c2a0000)]
  0x000000000aa43000 JavaThread "C2 CompilerThread1" daemon [_thread_blocked, id=19172, stack(0x000000000c0a0000,0x000000000c1a0000)]
  0x000000000aa3f800 JavaThread "C2 CompilerThread0" daemon [_thread_blocked, id=13916, stack(0x000000000bfa0000,0x000000000c0a0000)]
  0x000000000aa3e800 JavaThread "Attach Listener" daemon [_thread_blocked, id=14176, stack(0x000000000bea0000,0x000000000bfa0000)]
  0x000000000aa3b800 JavaThread "Signal Dispatcher" daemon [_thread_blocked, id=29648, stack(0x000000000bda0000,0x000000000bea0000)]
  0x000000000a9ef800 JavaThread "Finalizer" daemon [_thread_blocked, id=28700, stack(0x000000000bca0000,0x000000000bda0000)]
  0x000000000a9e5800 JavaThread "Reference Handler" daemon [_thread_blocked, id=13504, stack(0x000000000bba0000,0x000000000bca0000)]
  0x0000000002600800 JavaThread "main" [_thread_in_native, id=24788, stack(0x00000000024d0000,0x00000000025d0000)]

Other Threads:
  0x000000000a9e1800 VMThread [stack: 0x000000000baa0000,0x000000000bba0000] [id=29596]
  0x000000000aa6b000 WatcherThread [stack: 0x000000000c2a0000,0x000000000c3a0000] [id=29352]

VM state:not at safepoint (normal execution)

VM Mutex/Monitor currently owned by a thread:  ([mutex/lock_event])
[0x00000000025f85c0] tty_lock - owner thread: 0x000000000c3e2800

Heap
 PSYoungGen      total 38400K, used 2663K [0x00000007d5c00000, 0x00000007d8680000, 0x0000000800000000)
  eden space 33280K, 8% used [0x00000007d5c00000,0x00000007d5e99c70,0x00000007d7c80000)
  from space 5120K, 0% used [0x00000007d8180000,0x00000007d8180000,0x00000007d8680000)
  to   space 5120K, 0% used [0x00000007d7c80000,0x00000007d7c80000,0x00000007d8180000)
 ParOldGen       total 86528K, used 0K [0x0000000781400000, 0x0000000786880000, 0x00000007d5c00000)
  object space 86528K, 0% used [0x0000000781400000,0x0000000781400000,0x0000000786880000)
 PSPermGen       total 21504K, used 3070K [0x000000077c200000, 0x000000077d700000, 0x0000000781400000)
  object space 21504K, 14% used [0x000000077c200000,0x000000077c4ffb08,0x000000077d700000)

Card table byte_map: [0x00000000057c0000,0x0000000005be0000] byte_map_base: 0x0000000001bdf000

Polling page: 0x0000000000450000

Code Cache  [0x0000000002700000, 0x0000000002970000, 0x0000000005700000)
 total_blobs=199 nmethods=4 adapters=148 free_code_cache=48758Kb largest_free_block=49912320

Compilation events (6 events):
Event: 0.103 Thread 0x000000000aa3f800    1             java.lang.String::charAt (29 bytes)
Event: 0.109 Thread 0x000000000aa3f800 nmethod 1 0x0000000002761810 code [0x0000000002761940, 0x00000000027619f8]
Event: 0.154 Thread 0x000000000aa43000    2             sun.misc.ASCIICaseInsensitiveComparator::compare (126 bytes)
Event: 0.160 Thread 0x000000000aa43000 nmethod 2 0x0000000002761150 code [0x00000000027612a0, 0x0000000002761618]
Event: 0.168 Thread 0x000000000aa3f800    3             java.lang.String::indexOf (70 bytes)
Event: 0.170 Thread 0x000000000aa3f800 nmethod 3 0x0000000002760d50 code [0x0000000002760ea0, 0x0000000002761048]

GC Heap History (0 events):
No events

Deoptimization events (0 events):
No events

Internal exceptions (10 events):
Event: 0.167 Thread 0x0000000002600800 Threw 0x00000007d5d831e0 at C:\re\jdk7u79\2331\hotspot\src\share\vm\prims\jvm.cpp:1304
Event: 0.168 Thread 0x0000000002600800 Threw 0x00000007d5d89940 at C:\re\jdk7u79\2331\hotspot\src\share\vm\prims\jvm.cpp:1304
Event: 0.170 Thread 0x0000000002600800 Threw 0x00000007d5d93618 at C:\re\jdk7u79\2331\hotspot\src\share\vm\prims\jvm.cpp:1304
Event: 0.171 Thread 0x0000000002600800 Threw 0x00000007d5d95d40 at C:\re\jdk7u79\2331\hotspot\src\share\vm\prims\jvm.cpp:1304
Event: 0.171 Thread 0x0000000002600800 Threw 0x00000007d5d97da0 at C:\re\jdk7u79\2331\hotspot\src\share\vm\prims\jvm.cpp:1304
Event: 0.172 Thread 0x0000000002600800 Threw 0x00000007d5d9aea0 at C:\re\jdk7u79\2331\hotspot\src\share\vm\prims\jvm.cpp:1304
Event: 0.172 Thread 0x0000000002600800 Threw 0x00000007d5d9e840 at C:\re\jdk7u79\2331\hotspot\src\share\vm\prims\jvm.cpp:1304
Event: 0.177 Thread 0x0000000002600800 Threw 0x00000007d5db2e08 at C:\re\jdk7u79\2331\hotspot\src\share\vm\prims\jvm.cpp:1304
Event: 0.178 Thread 0x0000000002600800 Threw 0x00000007d5db56d0 at C:\re\jdk7u79\2331\hotspot\src\share\vm\prims\jvm.cpp:1304
Event: 0.178 Thread 0x0000000002600800 Threw 0x00000007d5db5c30 at C:\re\jdk7u79\2331\hotspot\src\share\vm\prims\jvm.cpp:1304

Events (10 events):
Event: 0.178 loading class 0x0000000002674e40 done
Event: 0.178 loading class 0x0000000002674e70 done
Event: 0.178 loading class 0x000000000c3ff1a0
Event: 0.178 loading class 0x000000000c3ff1a0 done
Event: 0.178 loading class 0x0000000002684260
Event: 0.179 loading class 0x0000000002684260 done
Event: 0.179 loading class 0x0000000002684230
Event: 0.179 loading class 0x00000000026842c0
Event: 0.179 loading class 0x00000000026842c0 done
Event: 0.179 loading class 0x0000000002684230 done


Dynamic libraries:
0x00007ff63b4a0000 - 0x00007ff63b4d3000 	D:\Java\jdk1.7.0_79\bin\java.exe
0x00007ffbc81a0000 - 0x00007ffbc8371000 	C:\WINDOWS\SYSTEM32\ntdll.dll
0x00007ffbc80b0000 - 0x00007ffbc815b000 	C:\WINDOWS\System32\KERNEL32.DLL
0x00007ffbc5230000 - 0x00007ffbc544d000 	C:\WINDOWS\System32\KERNELBASE.dll
0x00007ffbc5f10000 - 0x00007ffbc5fb2000 	C:\WINDOWS\System32\ADVAPI32.dll
0x00007ffbc5a00000 - 0x00007ffbc5a9e000 	C:\WINDOWS\System32\msvcrt.dll
0x00007ffbc77c0000 - 0x00007ffbc7819000 	C:\WINDOWS\System32\sechost.dll
0x00007ffbc5aa0000 - 0x00007ffbc5bc1000 	C:\WINDOWS\System32\RPCRT4.dll
0x00007ffbc5fc0000 - 0x00007ffbc6125000 	C:\WINDOWS\System32\USER32.dll
0x00007ffbc5170000 - 0x00007ffbc518e000 	C:\WINDOWS\System32\win32u.dll
0x00007ffbc8160000 - 0x00007ffbc8194000 	C:\WINDOWS\System32\GDI32.dll
0x00007ffbc4700000 - 0x00007ffbc4882000 	C:\WINDOWS\System32\gdi32full.dll
0x00007ffbbd7f0000 - 0x00007ffbbda69000 	C:\WINDOWS\WinSxS\amd64_microsoft.windows.common-controls_6595b64144ccf1df_6.0.14393.0_none_2d0f50fcbdb171b8\COMCTL32.dll
0x00007ffbc5730000 - 0x00007ffbc59f7000 	C:\WINDOWS\System32\combase.dll
0x00007ffbc5020000 - 0x00007ffbc5115000 	C:\WINDOWS\System32\ucrtbase.dll
0x00007ffbc4690000 - 0x00007ffbc46fa000 	C:\WINDOWS\System32\bcryptPrimitives.dll
0x00007ffbc5d10000 - 0x00007ffbc5d3e000 	C:\WINDOWS\System32\IMM32.DLL
0x0000000075d50000 - 0x0000000075e22000 	D:\Java\jdk1.7.0_79\jre\bin\msvcr100.dll
0x0000000075570000 - 0x0000000075d45000 	D:\Java\jdk1.7.0_79\jre\bin\server\jvm.dll
0x00007ffbc5d40000 - 0x00007ffbc5d48000 	C:\WINDOWS\System32\PSAPI.DLL
0x00007ffbc2ac0000 - 0x00007ffbc2ae3000 	C:\WINDOWS\SYSTEM32\WINMM.dll
0x00007ffbbafd0000 - 0x00007ffbbafd9000 	C:\WINDOWS\SYSTEM32\WSOCK32.dll
0x00007ffbc8040000 - 0x00007ffbc80aa000 	C:\WINDOWS\System32\WS2_32.dll
0x00007ffbc2a60000 - 0x00007ffbc2a8b000 	C:\WINDOWS\SYSTEM32\WINMMBASE.dll
0x00007ffbc5120000 - 0x00007ffbc5162000 	C:\WINDOWS\System32\cfgmgr32.dll
0x00000000765a0000 - 0x00000000765af000 	D:\Java\jdk1.7.0_79\jre\bin\verify.dll
0x0000000075540000 - 0x0000000075568000 	D:\Java\jdk1.7.0_79\jre\bin\java.dll
0x0000000075520000 - 0x0000000075535000 	D:\Java\jdk1.7.0_79\jre\bin\zip.dll
0x00007ffbc1dc0000 - 0x00007ffbc1dd0000 	D:\IntelliJ IDEA 2016.1.3\bin\breakgen64.dll
0x00007ffbb5fa0000 - 0x00007ffbb6132000 	C:\WINDOWS\SYSTEM32\dbghelp.dll

VM Arguments:
jvm_args: -Dmaven.home=D:\apache-maven-3.0.5 -Dclassworlds.conf=D:\apache-maven-3.0.5\bin\m2.conf -Didea.launcher.port=7534 -Didea.launcher.bin.path=D:\IntelliJ IDEA 2016.1.3\bin -Dfile.encoding=GBK 
java_command: com.intellij.rt.execution.application.AppMain org.codehaus.classworlds.Launcher -Didea.version=2016.1.3 -DskipTests=true clean compile package install
Launcher Type: SUN_STANDARD

Environment Variables:
JAVA_HOME=D:\Java\jdk1.7.0_79
PATH=C:\ProgramData\Oracle\Java\javapath;D:\SAP\ASE-16_0\jobscheduler\bin;D:\SAP\ASE-16_0\dll;D:\SAP\ASE-16_0\bin;D:\SAP\SCC-3_3\bin;D:\SAP\DBISQL-16_0\bin;D:\SAP\DataAccess64\ADONET\dll;D:\SAP\DataAccess\ADONET\dll;D:\SAP\DataAccess64\ODBC\dll;D:\SAP\DataAccess\ODBC\dll;D:\SAP\OCS-16_0\lib3p64;D:\SAP\OCS-16_0\lib3p;D:\SAP\OCS-16_0\dll;D:\SAP\OCS-16_0\bin;C:\Windows\system32;C:\Windows;C:\Windows\System32\Wbem;C:\Windows\System32\WindowsPowerShell\v1.0\;C:\Program Files (x86)\NVIDIA Corporation\PhysX\Common;D:\apache-ant-1.9.6\bin;D:\Git\TortoiseGit\bin;D:\Git\bin;D:\apache-maven-3.0.5\bin;D:\Java\jdk1.7.0_79\bin;C:\Program Files (x86)\MySQL\MySQL Fabric 1.5.2 & MySQL Utilities 1.5.2 1.5\;C:\Program Files (x86)\MySQL\MySQL Fabric 1.5.2 & MySQL Utilities 1.5.2 1.5\Doctrine extensions for PHP\;C:\WINDOWS\system32;C:\WINDOWS;C:\WINDOWS\System32\Wbem;C:\WINDOWS\System32\WindowsPowerShell\v1.0\;C:\Program Files\MySQL\MySQL Server 5.6\bin;D:\nodejs\;D:\Android\android-sdk;C:\Program Files (x86)\Windows Kits\8.1\Windows Performance Toolkit\;C:\Users\Donnie\AppData\Local\Microsoft\WindowsApps;C:\Users\Donnie\AppData\Roaming\npm
USERNAME=Donnie
OS=Windows_NT
PROCESSOR_IDENTIFIER=Intel64 Family 6 Model 61 Stepping 4, GenuineIntel



---------------  S Y S T E M  ---------------

OS: Windows 8.1 , 64 bit Build 9600 

CPU:total 4 (2 cores per cpu, 2 threads per core) family 6 model 61 stepping 4, cmov, cx8, fxsr, mmx, sse, sse2, sse3, ssse3, sse4.1, sse4.2, popcnt, avx, avx2, aes, erms, ht, tsc, tscinvbit

Memory: 4k page, physical 8298756k(2282572k free), swap 21406080k(2408k free)

vm_info: Java HotSpot(TM) 64-Bit Server VM (24.79-b02) for windows-amd64 JRE (1.7.0_79-b15), built on Apr 10 2015 12:36:16 by "java_re" with unknown MS VC++:1600

time: Wed Apr 19 15:43:47 2017
elapsed time: 0 seconds

