#
# There is insufficient memory for the Java Runtime Environment to continue.
# Native memory allocation (malloc) failed to allocate 1048576 bytes for AllocateHeap
# Possible reasons:
#   The system is out of physical RAM or swap space
#   In 32 bit mode, the process size limit was hit
# Possible solutions:
#   Reduce memory load on the system
#   Increase physical memory or swap space
#   Check if swap backing store is full
#   Use 64 bit Java on a 64 bit OS
#   Decrease Java heap size (-Xmx/-Xms)
#   Decrease number of Java threads
#   Decrease Java thread stack sizes (-Xss)
#   Set larger code cache with -XX:ReservedCodeCacheSize=
# This output file may be truncated or incomplete.
#
#  Out of Memory Error (memory/allocation.inline.hpp:61), pid=21976, tid=18452
#
# JRE version:  (7.0_79-b15) (build )
# Java VM: Java HotSpot(TM) 64-Bit Server VM (24.79-b02 mixed mode windows-amd64 compressed oops)
# Failed to write core dump. Minidumps are not enabled by default on client versions of Windows
#

---------------  T H R E A D  ---------------

Current thread (0x0000000002da0800):  JavaThread "Unknown thread" [_thread_in_vm, id=18452, stack(0x0000000002ca0000,0x0000000002da0000)]

Stack: [0x0000000002ca0000,0x0000000002da0000]

---------------  P R O C E S S  ---------------

Java Threads: ( => current thread )

Other Threads:

=>0x0000000002da0800 (exited) JavaThread "Unknown thread" [_thread_in_vm, id=18452, stack(0x0000000002ca0000,0x0000000002da0000)]

VM state:not at safepoint (normal execution)

VM Mutex/Monitor currently owned by a thread: None

Heap
 PSYoungGen      total 38400K, used 665K [0x00000007d5c00000, 0x00000007d8680000, 0x0000000800000000)
  eden space 33280K, 2% used [0x00000007d5c00000,0x00000007d5ca66b8,0x00000007d7c80000)
  from space 5120K, 0% used [0x00000007d8180000,0x00000007d8180000,0x00000007d8680000)
  to   space 5120K, 0% used [0x00000007d7c80000,0x00000007d7c80000,0x00000007d8180000)
 ParOldGen       total 86528K, used 0K [0x0000000781400000, 0x0000000786880000, 0x00000007d5c00000)
  object space 86528K, 0% used [0x0000000781400000,0x0000000781400000,0x0000000786880000)
 PSPermGen       total 21504K, used 697K [0x000000077c200000, 0x000000077d700000, 0x0000000781400000)
  object space 21504K, 3% used [0x000000077c200000,0x000000077c2ae588,0x000000077d700000)

Card table byte_map: [0x0000000005ea0000,0x00000000062c0000] byte_map_base: 0x00000000022bf000

Polling page: 0x0000000002800000

Code Cache  [0x0000000002ea0000, 0x0000000003110000, 0x0000000005ea0000)
 total_blobs=38 nmethods=0 adapters=20 free_code_cache=48889Kb largest_free_block=50062528

Compilation events (0 events):
No events

GC Heap History (0 events):
No events

Deoptimization events (0 events):
No events

Internal exceptions (0 events):
No events

Events (10 events):
Event: 0.036 loading class 0x0000000002de59a0
Event: 0.036 loading class 0x0000000002de59a0 done
Event: 0.036 loading class 0x0000000002de59f0
Event: 0.036 loading class 0x0000000002de59f0 done
Event: 0.036 loading class 0x0000000002de5a40
Event: 0.036 loading class 0x0000000002de5a40 done
Event: 0.037 loading class 0x0000000002de67c0
Event: 0.037 loading class 0x0000000002de67c0 done
Event: 0.037 loading class 0x0000000002de63e0
Event: 0.037 loading class 0x0000000002de63e0 done


Dynamic libraries:
0x00007ff63b4a0000 - 0x00007ff63b4d3000 	D:\Java\jdk1.7.0_79\bin\java.exe
0x00007ffbc81a0000 - 0x00007ffbc8371000 	C:\WINDOWS\SYSTEM32\ntdll.dll
0x00007ffbc80b0000 - 0x00007ffbc815b000 	C:\WINDOWS\System32\KERNEL32.DLL
0x00007ffbc5230000 - 0x00007ffbc544d000 	C:\WINDOWS\System32\KERNELBASE.dll
0x00007ffbc5f10000 - 0x00007ffbc5fb2000 	C:\WINDOWS\System32\ADVAPI32.dll
0x00007ffbc5a00000 - 0x00007ffbc5a9e000 	C:\WINDOWS\System32\msvcrt.dll
0x00007ffbc77c0000 - 0x00007ffbc7819000 	C:\WINDOWS\System32\sechost.dll
0x00007ffbc5aa0000 - 0x00007ffbc5bc1000 	C:\WINDOWS\System32\RPCRT4.dll
0x00007ffbc5fc0000 - 0x00007ffbc6125000 	C:\WINDOWS\System32\USER32.dll
0x00007ffbc5170000 - 0x00007ffbc518e000 	C:\WINDOWS\System32\win32u.dll
0x00007ffbc8160000 - 0x00007ffbc8194000 	C:\WINDOWS\System32\GDI32.dll
0x00007ffbc4700000 - 0x00007ffbc4882000 	C:\WINDOWS\System32\gdi32full.dll
0x00007ffbbd7f0000 - 0x00007ffbbda69000 	C:\WINDOWS\WinSxS\amd64_microsoft.windows.common-controls_6595b64144ccf1df_6.0.14393.0_none_2d0f50fcbdb171b8\COMCTL32.dll
0x00007ffbc5730000 - 0x00007ffbc59f7000 	C:\WINDOWS\System32\combase.dll
0x00007ffbc5020000 - 0x00007ffbc5115000 	C:\WINDOWS\System32\ucrtbase.dll
0x00007ffbc4690000 - 0x00007ffbc46fa000 	C:\WINDOWS\System32\bcryptPrimitives.dll
0x00007ffbc5d10000 - 0x00007ffbc5d3e000 	C:\WINDOWS\System32\IMM32.DLL
0x0000000075d50000 - 0x0000000075e22000 	D:\Java\jdk1.7.0_79\jre\bin\msvcr100.dll
0x0000000075570000 - 0x0000000075d45000 	D:\Java\jdk1.7.0_79\jre\bin\server\jvm.dll
0x00007ffbc5d40000 - 0x00007ffbc5d48000 	C:\WINDOWS\System32\PSAPI.DLL
0x00007ffbc2ac0000 - 0x00007ffbc2ae3000 	C:\WINDOWS\SYSTEM32\WINMM.dll
0x00007ffbbafd0000 - 0x00007ffbbafd9000 	C:\WINDOWS\SYSTEM32\WSOCK32.dll
0x00007ffbc8040000 - 0x00007ffbc80aa000 	C:\WINDOWS\System32\WS2_32.dll
0x00007ffbc2a60000 - 0x00007ffbc2a8b000 	C:\WINDOWS\SYSTEM32\WINMMBASE.dll
0x00007ffbc5120000 - 0x00007ffbc5162000 	C:\WINDOWS\System32\cfgmgr32.dll
0x00000000765a0000 - 0x00000000765af000 	D:\Java\jdk1.7.0_79\jre\bin\verify.dll
0x0000000075540000 - 0x0000000075568000 	D:\Java\jdk1.7.0_79\jre\bin\java.dll
0x0000000075520000 - 0x0000000075535000 	D:\Java\jdk1.7.0_79\jre\bin\zip.dll

VM Arguments:
jvm_args: -Dmaven.home=D:\apache-maven-3.0.5 -Dclassworlds.conf=D:\apache-maven-3.0.5\bin\m2.conf -Didea.launcher.port=7535 -Didea.launcher.bin.path=D:\IntelliJ IDEA 2016.1.3\bin -Dfile.encoding=GBK 
java_command: com.intellij.rt.execution.application.AppMain org.codehaus.classworlds.Launcher -Didea.version=2016.1.3 -DskipTests=true clean compile package install
Launcher Type: SUN_STANDARD

Environment Variables:
JAVA_HOME=D:\Java\jdk1.7.0_79
PATH=C:\ProgramData\Oracle\Java\javapath;D:\SAP\ASE-16_0\jobscheduler\bin;D:\SAP\ASE-16_0\dll;D:\SAP\ASE-16_0\bin;D:\SAP\SCC-3_3\bin;D:\SAP\DBISQL-16_0\bin;D:\SAP\DataAccess64\ADONET\dll;D:\SAP\DataAccess\ADONET\dll;D:\SAP\DataAccess64\ODBC\dll;D:\SAP\DataAccess\ODBC\dll;D:\SAP\OCS-16_0\lib3p64;D:\SAP\OCS-16_0\lib3p;D:\SAP\OCS-16_0\dll;D:\SAP\OCS-16_0\bin;C:\Windows\system32;C:\Windows;C:\Windows\System32\Wbem;C:\Windows\System32\WindowsPowerShell\v1.0\;C:\Program Files (x86)\NVIDIA Corporation\PhysX\Common;D:\apache-ant-1.9.6\bin;D:\Git\TortoiseGit\bin;D:\Git\bin;D:\apache-maven-3.0.5\bin;D:\Java\jdk1.7.0_79\bin;C:\Program Files (x86)\MySQL\MySQL Fabric 1.5.2 & MySQL Utilities 1.5.2 1.5\;C:\Program Files (x86)\MySQL\MySQL Fabric 1.5.2 & MySQL Utilities 1.5.2 1.5\Doctrine extensions for PHP\;C:\WINDOWS\system32;C:\WINDOWS;C:\WINDOWS\System32\Wbem;C:\WINDOWS\System32\WindowsPowerShell\v1.0\;C:\Program Files\MySQL\MySQL Server 5.6\bin;D:\nodejs\;D:\Android\android-sdk;C:\Program Files (x86)\Windows Kits\8.1\Windows Performance Toolkit\;C:\Users\Donnie\AppData\Local\Microsoft\WindowsApps;C:\Users\Donnie\AppData\Roaming\npm
USERNAME=Donnie
OS=Windows_NT
PROCESSOR_IDENTIFIER=Intel64 Family 6 Model 61 Stepping 4, GenuineIntel



---------------  S Y S T E M  ---------------

OS: Windows 8.1 , 64 bit Build 9600 

CPU:total 4 (2 cores per cpu, 2 threads per core) family 6 model 61 stepping 4, cmov, cx8, fxsr, mmx, sse, sse2, sse3, ssse3, sse4.1, sse4.2, popcnt, avx, avx2, aes, erms, ht, tsc, tscinvbit

Memory: 4k page, physical 8298756k(2293568k free), swap 21406080k(5880k free)

vm_info: Java HotSpot(TM) 64-Bit Server VM (24.79-b02) for windows-amd64 JRE (1.7.0_79-b15), built on Apr 10 2015 12:36:16 by "java_re" with unknown MS VC++:1600

time: Wed Apr 19 15:43:58 2017
elapsed time: 0 seconds

